[2025-08-18 22:42:43] [INFO]: Login realizado com sucesso!
[2025-08-18 22:42:46] [INFO]: Endereço atualizado com sucesso: {"endereco":"Av Rio Grande, 101","bairro":"Valinhos","cidade":"Passo Fundo","estado":"RS","cep":"99042-000","pais":"Brasil","link_maps":"link"}
[2025-08-18 22:43:11] [INFO]: Banner atualizado!
[2025-08-20 19:40:41] [INFO]: Login realizado com sucesso!
[2025-08-20 20:12:41] [INFO]: Banner atualizado!
[2025-08-20 21:42:47] [INFO]: Banner atualizado!
[2025-08-20 21:42:59] [INFO]: Banner atualizado!
[2025-08-20 21:43:57] [INFO]: Banner atualizado!
[2025-08-20 22:20:35] [INFO]: E-mail enviado com sucesso para wesleicasali18@gmail.com!
[2025-08-24 16:36:35] [INFO]: Login realizado com sucesso!
[2025-08-24 16:54:23] [INFO]: Serviço adicionado!
[2025-08-24 16:57:26] [INFO]: Serviço adicionado!
[2025-08-24 17:02:41] [INFO]: Serviço adicionado!
[2025-08-24 17:04:58] [INFO]: Serviço atualizado!
[2025-08-24 17:05:05] [INFO]: Serviço atualizado!
[2025-08-24 17:05:13] [INFO]: Serviço atualizado!
[2025-08-24 17:07:05] [INFO]: Serviço deletado!
[2025-08-24 17:07:10] [INFO]: Serviço deletado!
[2025-08-24 17:07:13] [INFO]: Serviço deletado!
[2025-08-24 17:10:19] [INFO]: Serviço adicionado!
[2025-08-24 17:13:45] [INFO]: Serviço atualizado!
